-------------------------------------------------------------------------------
Test set: runners.RunnerClass
-------------------------------------------------------------------------------
<<<<<<< HEAD
<<<<<<< HEAD
<<<<<<< HEAD
Tests run: 1, Failures: 0, Errors: 0, Skipped: 0, Time elapsed: 106.0 s -- in runners.RunnerClass
=======
Tests run: 4, Failures: 0, Errors: 0, Skipped: 0, Time elapsed: 31.51 s -- in runners.RunnerClass
>>>>>>> Group1B17Youssef
=======
Tests run: 0, Failures: 0, Errors: 0, Skipped: 0, Time elapsed: 73.13 s -- in runners.RunnerClass
>>>>>>> Group1B17ahmed1
=======
Tests run: 1, Failures: 0, Errors: 0, Skipped: 0, Time elapsed: 27.79 s -- in runners.RunnerClass
>>>>>>> Group1B17rkia1
